23:43:56.757 [main] INFO  api.test.UserTests - Creating user
23:43:58.064 [main] INFO  api.test.UserTests - Created user
23:43:58.072 [main] INFO  api.test.UserTests - Read user
23:43:58.273 [main] INFO  api.test.UserTests - User  Read
23:43:58.276 [main] INFO  api.test.UserTests - Updating user
23:43:58.663 [main] INFO  api.test.UserTests - Updated user
23:43:58.665 [main] INFO  api.test.UserTests - Deleting user
23:43:58.846 [main] INFO  api.test.UserTests - Deleted user
00:33:17.901 [main] INFO  api.test.UserTests2 - ********** Creating user  ***************
00:33:19.320 [main] INFO  api.test.UserTests2 - **********User is creatged  ***************
00:33:19.324 [main] INFO  api.test.UserTests2 - ********** Reading User Info ***************
00:33:19.516 [main] INFO  api.test.UserTests2 - **********User info  is displayed ***************
00:33:19.519 [main] INFO  api.test.UserTests2 - ********** Updating User ***************
00:33:19.710 [main] INFO  api.test.UserTests2 - ********** User updated ***************
00:33:19.903 [main] INFO  api.test.UserTests2 - **********   Deleting User  ***************
00:33:20.084 [main] INFO  api.test.UserTests2 - ********** User deleted ***************
21:06:20.870 [main] INFO  api.test.UserTests2 - ********** Creating user  ***************
21:06:23.585 [main] INFO  api.test.UserTests2 - **********User is creatged  ***************
21:06:23.591 [main] INFO  api.test.UserTests2 - ********** Reading User Info ***************
21:06:23.832 [main] INFO  api.test.UserTests2 - **********User info  is displayed ***************
21:06:23.838 [main] INFO  api.test.UserTests2 - ********** Updating User ***************
21:06:24.063 [main] INFO  api.test.UserTests2 - ********** User updated ***************
21:06:24.280 [main] INFO  api.test.UserTests2 - **********   Deleting User  ***************
21:06:24.486 [main] INFO  api.test.UserTests2 - ********** User deleted ***************
22:23:39.370 [main] INFO  api.test.UserTests2 - ********** Creating user  ***************
22:23:41.773 [main] INFO  api.test.UserTests2 - **********User is creatged  ***************
22:23:41.787 [main] INFO  api.test.UserTests2 - ********** Reading User Info ***************
22:23:42.025 [main] INFO  api.test.UserTests2 - **********User info  is displayed ***************
22:23:42.028 [main] INFO  api.test.UserTests2 - ********** Updating User ***************
22:23:42.256 [main] INFO  api.test.UserTests2 - ********** User updated ***************
22:23:42.495 [main] INFO  api.test.UserTests2 - **********   Deleting User  ***************
22:23:42.703 [main] INFO  api.test.UserTests2 - ********** User deleted ***************
